<?xml version="1.0" encoding="UTF-8"?>
<testsuite xmlns:xsi="http://www.w3.org/2001/XMLSchema-instance" xsi:noNamespaceSchemaLocation="https://maven.apache.org/surefire/maven-surefire-plugin/xsd/surefire-test-report-3.0.xsd" version="3.0" name="com.railway.blockoptimizer.BlockOptimizerApplicationTests" time="13.921" tests="1" errors="0" skipped="0" failures="0">
  <properties>
[...]
</properties>
  <testcase name="contextLoads" classname="com.railway.blockoptimizer.BlockOptimizerApplicationTests" time="0.767">
    <system-out><![CDATA[01:17:33.348 [main] INFO org.springframework.test.context.support.AnnotationConfigContextLoaderUtils -- Could not detect default configuration classes for test class [com.railway.blockoptimizer.BlockOptimizerApplicationTests]: BlockOptimizerApplicationTests does not declare any static, non-private, non-final, nested classes annotated with @Configuration.
01:17:33.645 [main] INFO org.springframework.boot.test.context.SpringBootTestContextBootstrapper -- Found @SpringBootConfiguration com.railway.blockoptimizer.BlockOptimizerApplication for test class com.railway.blockoptimizer.BlockOptimizerApplicationTests

  .   ____          _            __ _ _
 /\\ / ___'_ __ _ _(_)_ __  __ _ \ \ \ \
( ( )\___ | '_ | '_| | '_ \/ _` | \ \ \ \
 \\/  ___)| |_)| | | | | || (_| |  ) ) ) )
  '  |____| .__|_| |_|_| |_\__, | / / / /
 =========|_|==============|___/=/_/_/_/

 :: Spring Boot ::                (v3.3.3)

2026-09-07T01:17:34.772+05:30  INFO 13456 --- [block-optimizer] [           main] c.r.b.BlockOptimizerApplicationTests     : Starting BlockOptimizerApplicationTests using Java 24.0.1 with PID 13456 (started by Dell in E:\Desktop\ps-27)
2026-09-07T01:17:34.774+05:30 DEBUG 13456 --- [block-optimizer] [           main] c.r.b.BlockOptimizerApplicationTests     : Running with Spring Boot v3.3.3, Spring v6.1.12
2026-09-07T01:17:34.775+05:30  INFO 13456 --- [block-optimizer] [           main] c.r.b.BlockOptimizerApplicationTests     : The following 1 profile is active: "local"
2026-09-07T01:17:37.663+05:30  INFO 13456 --- [block-optimizer] [           main] .s.d.r.c.RepositoryConfigurationDelegate : Bootstrapping Spring Data JPA repositories in DEFAULT mode.
2026-09-07T01:17:37.857+05:30  INFO 13456 --- [block-optimizer] [           main] .s.d.r.c.RepositoryConfigurationDelegate : Finished Spring Data repository scanning in 179 ms. Found 15 JPA repository interfaces.
2026-09-07T01:17:38.601+05:30  INFO 13456 --- [block-optimizer] [           main] com.zaxxer.hikari.HikariDataSource       : HikariPool-1 - Starting...
2026-09-07T01:17:38.988+05:30  INFO 13456 --- [block-optimizer] [           main] com.zaxxer.hikari.pool.HikariPool        : HikariPool-1 - Added connection conn0: url=jdbc:h2:mem:railway_db user=SA
2026-09-07T01:17:38.990+05:30  INFO 13456 --- [block-optimizer] [           main] com.zaxxer.hikari.HikariDataSource       : HikariPool-1 - Start completed.
2026-09-07T01:17:39.284+05:30  INFO 13456 --- [block-optimizer] [           main] o.hibernate.jpa.internal.util.LogHelper  : HHH000204: Processing PersistenceUnitInfo [name: default]
2026-09-07T01:17:39.418+05:30  INFO 13456 --- [block-optimizer] [           main] org.hibernate.Version                    : HHH000412: Hibernate ORM core version 6.5.2.Final
2026-09-07T01:17:39.501+05:30  INFO 13456 --- [block-optimizer] [           main] o.h.c.internal.RegionFactoryInitiator    : HHH000026: Second-level cache disabled
2026-09-07T01:17:40.224+05:30  INFO 13456 --- [block-optimizer] [           main] o.s.o.j.p.SpringPersistenceUnitInfo      : No LoadTimeWeaver setup: ignoring JPA class transformer
2026-09-07T01:17:40.345+05:30  WARN 13456 --- [block-optimizer] [           main] org.hibernate.orm.deprecation            : HHH90000025: H2Dialect does not need to be specified explicitly using 'hibernate.dialect' (remove the property setting and it will be selected by default)
2026-09-07T01:17:42.235+05:30  INFO 13456 --- [block-optimizer] [           main] o.h.e.t.j.p.i.JtaPlatformInitiator       : HHH000489: No JTA platform available (set 'hibernate.transaction.jta.platform' to enable JTA platform integration)
2026-09-07T01:17:42.303+05:30 DEBUG 13456 --- [block-optimizer] [           main] org.hibernate.SQL                        : 
    alter table if exists audit_logs 
       alter column new_values set data type TEXT
Hibernate: 
    alter table if exists audit_logs 
       alter column new_values set data type TEXT
2026-09-07T01:17:42.305+05:30 DEBUG 13456 --- [block-optimizer] [           main] org.hibernate.SQL                        : 
    alter table if exists audit_logs 
       alter column old_values set data type TEXT
Hibernate: 
    alter table if exists audit_logs 
       alter column old_values set data type TEXT
2026-09-07T01:17:42.307+05:30 DEBUG 13456 --- [block-optimizer] [           main] org.hibernate.SQL                        : 
    alter table if exists block_requests 
       alter column remarks set data type TEXT
Hibernate: 
    alter table if exists block_requests 
       alter column remarks set data type TEXT
2026-09-07T01:17:42.308+05:30 DEBUG 13456 --- [block-optimizer] [           main] org.hibernate.SQL                        : 
    alter table if exists conflicts 
       alter column details set data type TEXT
Hibernate: 
    alter table if exists conflicts 
       alter column details set data type TEXT
2026-09-07T01:17:42.309+05:30 DEBUG 13456 --- [block-optimizer] [           main] org.hibernate.SQL                        : 
    alter table if exists constraints 
       alter column description set data type TEXT
Hibernate: 
    alter table if exists constraints 
       alter column description set data type TEXT
2026-09-07T01:17:42.311+05:30 DEBUG 13456 --- [block-optimizer] [           main] org.hibernate.SQL                        : 
    alter table if exists constraints 
       alter column parameters set data type TEXT
Hibernate: 
    alter table if exists constraints 
       alter column parameters set data type TEXT
2026-09-07T01:17:42.318+05:30 DEBUG 13456 --- [block-optimizer] [           main] org.hibernate.SQL                        : 
    alter table if exists departments 
       alter column description set data type TEXT
Hibernate: 
    alter table if exists departments 
       alter column description set data type TEXT
2026-09-07T01:17:42.319+05:30 DEBUG 13456 --- [block-optimizer] [           main] org.hibernate.SQL                        : 
    alter table if exists integration_sync_logs 
       alter column error_details set data type TEXT
Hibernate: 
    alter table if exists integration_sync_logs 
       alter column error_details set data type TEXT
2026-09-07T01:17:42.320+05:30 DEBUG 13456 --- [block-optimizer] [           main] org.hibernate.SQL                        : 
    alter table if exists maintenance_tasks 
       alter column description set data type TEXT
Hibernate: 
    alter table if exists maintenance_tasks 
       alter column description set data type TEXT
2026-09-07T01:17:42.321+05:30 DEBUG 13456 --- [block-optimizer] [           main] org.hibernate.SQL                        : 
    alter table if exists optimization_results 
       alter column metrics set data type TEXT
Hibernate: 
    alter table if exists optimization_results 
       alter column metrics set data type TEXT
2026-09-07T01:17:42.322+05:30 DEBUG 13456 --- [block-optimizer] [           main] org.hibernate.SQL                        : 
    alter table if exists optimization_runs 
       alter column parameters set data type TEXT
Hibernate: 
    alter table if exists optimization_runs 
       alter column parameters set data type TEXT
2026-09-07T01:17:42.344+05:30  INFO 13456 --- [block-optimizer] [           main] j.LocalContainerEntityManagerFactoryBean : Initialized JPA EntityManagerFactory for persistence unit 'default'
2026-09-07T01:17:43.097+05:30  INFO 13456 --- [block-optimizer] [           main] o.s.d.j.r.query.QueryEnhancerFactory     : Hibernate is in classpath; If applicable, HQL parser will be used.
2026-09-07T01:17:44.364+05:30  WARN 13456 --- [block-optimizer] [           main] JpaBaseConfiguration$JpaWebConfiguration : spring.jpa.open-in-view is enabled by default. Therefore, database queries may be performed during view rendering. Explicitly configure spring.jpa.open-in-view to disable this warning
2026-09-07T01:17:44.406+05:30  WARN 13456 --- [block-optimizer] [           main] .s.s.UserDetailsServiceAutoConfiguration : 

Using generated security password: 4658e733-2e23-4772-b614-b64ef2a2eb4c

This generated password is for development use only. Your security configuration must be updated before running your application in production.

2026-09-07T01:17:44.466+05:30  INFO 13456 --- [block-optimizer] [           main] r$InitializeUserDetailsManagerConfigurer : Global AuthenticationManager configured with UserDetailsService bean with name inMemoryUserDetailsManager
2026-09-07T01:17:45.645+05:30  INFO 13456 --- [block-optimizer] [           main] o.s.b.a.h2.H2ConsoleAutoConfiguration    : H2 console available at '/h2-console'. Database available at 'jdbc:h2:mem:railway_db'
2026-09-07T01:17:45.754+05:30  INFO 13456 --- [block-optimizer] [           main] c.r.b.BlockOptimizerApplicationTests     : Started BlockOptimizerApplicationTests in 11.689 seconds (process running for 13.957)
2026-09-07T01:17:45.896+05:30 DEBUG 13456 --- [block-optimizer] [           main] org.hibernate.SQL                        : 
    select
        count(*) 
    from
        departments d1_0
Hibernate: 
    select
        count(*) 
    from
        departments d1_0
2026-09-07T01:17:45.905+05:30  INFO 13456 --- [block-optimizer] [           main] c.r.b.seeder.DataSeederRunner            : Seeding synthetic Indian Railway sample data for PS27 Part 1 Data Layer...
2026-09-07T01:17:46.040+05:30 DEBUG 13456 --- [block-optimizer] [           main] org.hibernate.SQL                        : 
    insert 
    into
        departments
        (code, created_at, description, name, id) 
    values
        (?, ?, ?, ?, ?)
Hibernate: 
    insert 
    into
        departments
        (code, created_at, description, name, id) 
    values
        (?, ?, ?, ?, ?)
2026-09-07T01:17:46.056+05:30 DEBUG 13456 --- [block-optimizer] [           main] org.hibernate.SQL                        : 
    insert 
    into
        departments
        (code, created_at, description, name, id) 
    values
        (?, ?, ?, ?, ?)
Hibernate: 
    insert 
    into
        departments
        (code, created_at, description, name, id) 
    values
        (?, ?, ?, ?, ?)
2026-09-07T01:17:46.057+05:30 DEBUG 13456 --- [block-optimizer] [           main] org.hibernate.SQL                        : 
    insert 
    into
        departments
        (code, created_at, description, name, id) 
    values
        (?, ?, ?, ?, ?)
Hibernate: 
    insert 
    into
        departments
        (code, created_at, description, name, id) 
    values
        (?, ?, ?, ?, ?)
2026-09-07T01:17:46.059+05:30 DEBUG 13456 --- [block-optimizer] [           main] org.hibernate.SQL                        : 
    insert 
    into
        departments
        (code, created_at, description, name, id) 
    values
        (?, ?, ?, ?, ?)
Hibernate: 
    insert 
    into
        departments
        (code, created_at, description, name, id) 
    values
        (?, ?, ?, ?, ?)
2026-09-07T01:17:46.061+05:30 DEBUG 13456 --- [block-optimizer] [           main] org.hibernate.SQL                        : 
    insert 
    into
        users
        (created_at, department_id, email, full_name, password_hash, role, updated_at, id) 
    values
        (?, ?, ?, ?, ?, ?, ?, ?)
Hibernate: 
    insert 
    into
        users
        (created_at, department_id, email, full_name, password_hash, role, updated_at, id) 
    values
        (?, ?, ?, ?, ?, ?, ?, ?)
2026-09-07T01:17:46.064+05:30 DEBUG 13456 --- [block-optimizer] [           main] org.hibernate.SQL                        : 
    insert 
    into
        users
        (created_at, department_id, email, full_name, password_hash, role, updated_at, id) 
    values
        (?, ?, ?, ?, ?, ?, ?, ?)
Hibernate: 
    insert 
    into
        users
        (created_at, department_id, email, full_name, password_hash, role, updated_at, id) 
    values
        (?, ?, ?, ?, ?, ?, ?, ?)
2026-09-07T01:17:46.065+05:30 DEBUG 13456 --- [block-optimizer] [           main] org.hibernate.SQL                        : 
    insert 
    into
        users
        (created_at, department_id, email, full_name, password_hash, role, updated_at, id) 
    values
        (?, ?, ?, ?, ?, ?, ?, ?)
Hibernate: 
    insert 
    into
        users
        (created_at, department_id, email, full_name, password_hash, role, updated_at, id) 
    values
        (?, ?, ?, ?, ?, ?, ?, ?)
2026-09-07T01:17:46.066+05:30 DEBUG 13456 --- [block-optimizer] [           main] org.hibernate.SQL                        : 
    insert 
    into
        users
        (created_at, department_id, email, full_name, password_hash, role, updated_at, id) 
    values
        (?, ?, ?, ?, ?, ?, ?, ?)
Hibernate: 
    insert 
    into
        users
        (created_at, department_id, email, full_name, password_hash, role, updated_at, id) 
    values
        (?, ?, ?, ?, ?, ?, ?, ?)
2026-09-07T01:17:46.068+05:30 DEBUG 13456 --- [block-optimizer] [           main] org.hibernate.SQL                        : 
    insert 
    into
        corridors
        (code, created_at, destination_station, length_km, max_speed_kmh, name, number_of_tracks, source_station, status, id) 
    values
        (?, ?, ?, ?, ?, ?, ?, ?, ?, ?)
Hibernate: 
    insert 
    into
        corridors
        (code, created_at, destination_station, length_km, max_speed_kmh, name, number_of_tracks, source_station, status, id) 
    values
        (?, ?, ?, ?, ?, ?, ?, ?, ?, ?)
2026-09-07T01:17:46.070+05:30 DEBUG 13456 --- [block-optimizer] [           main] org.hibernate.SQL                        : 
    insert 
    into
        corridors
        (code, created_at, destination_station, length_km, max_speed_kmh, name, number_of_tracks, source_station, status, id) 
    values
        (?, ?, ?, ?, ?, ?, ?, ?, ?, ?)
Hibernate: 
    insert 
    into
        corridors
        (code, created_at, destination_station, length_km, max_speed_kmh, name, number_of_tracks, source_station, status, id) 
    values
        (?, ?, ?, ?, ?, ?, ?, ?, ?, ?)
2026-09-07T01:17:46.071+05:30 DEBUG 13456 --- [block-optimizer] [           main] org.hibernate.SQL                        : 
    insert 
    into
        assets
        (asset_code, asset_type, corridor_id, created_at, location_km_end, location_km_start, status, id) 
    values
        (?, ?, ?, ?, ?, ?, ?, ?)
Hibernate: 
    insert 
    into
        assets
        (asset_code, asset_type, corridor_id, created_at, location_km_end, location_km_start, status, id) 
    values
        (?, ?, ?, ?, ?, ?, ?, ?)
2026-09-07T01:17:46.072+05:30 DEBUG 13456 --- [block-optimizer] [           main] org.hibernate.SQL                        : 
    insert 
    into
        assets
        (asset_code, asset_type, corridor_id, created_at, location_km_end, location_km_start, status, id) 
    values
        (?, ?, ?, ?, ?, ?, ?, ?)
Hibernate: 
    insert 
    into
        assets
        (asset_code, asset_type, corridor_id, created_at, location_km_end, location_km_start, status, id) 
    values
        (?, ?, ?, ?, ?, ?, ?, ?)
2026-09-07T01:17:46.073+05:30 DEBUG 13456 --- [block-optimizer] [           main] org.hibernate.SQL                        : 
    insert 
    into
        assets
        (asset_code, asset_type, corridor_id, created_at, location_km_end, location_km_start, status, id) 
    values
        (?, ?, ?, ?, ?, ?, ?, ?)
Hibernate: 
    insert 
    into
        assets
        (asset_code, asset_type, corridor_id, created_at, location_km_end, location_km_start, status, id) 
    values
        (?, ?, ?, ?, ?, ?, ?, ?)
2026-09-07T01:17:46.074+05:30 DEBUG 13456 --- [block-optimizer] [           main] org.hibernate.SQL                        : 
    insert 
    into
        maintenance_tasks
        (asset_id, created_at, department_id, description, estimated_duration_minutes, periodic_frequency, priority, required_block_type, source_system, status, task_type, title, updated_at, id) 
    values
        (?, ?, ?, ?, ?, ?, ?, ?, ?, ?, ?, ?, ?, ?)
Hibernate: 
    insert 
    into
        maintenance_tasks
        (asset_id, created_at, department_id, description, estimated_duration_minutes, periodic_frequency, priority, required_block_type, source_system, status, task_type, title, updated_at, id) 
    values
        (?, ?, ?, ?, ?, ?, ?, ?, ?, ?, ?, ?, ?, ?)
2026-09-07T01:17:46.075+05:30 DEBUG 13456 --- [block-optimizer] [           main] org.hibernate.SQL                        : 
    insert 
    into
        maintenance_tasks
        (asset_id, created_at, department_id, description, estimated_duration_minutes, periodic_frequency, priority, required_block_type, source_system, status, task_type, title, updated_at, id) 
    values
        (?, ?, ?, ?, ?, ?, ?, ?, ?, ?, ?, ?, ?, ?)
Hibernate: 
    insert 
    into
        maintenance_tasks
        (asset_id, created_at, department_id, description, estimated_duration_minutes, periodic_frequency, priority, required_block_type, source_system, status, task_type, title, updated_at, id) 
    values
        (?, ?, ?, ?, ?, ?, ?, ?, ?, ?, ?, ?, ?, ?)
2026-09-07T01:17:46.077+05:30 DEBUG 13456 --- [block-optimizer] [           main] org.hibernate.SQL                        : 
    insert 
    into
        trains
        (created_at, destination_station, origin_station, priority_level, source_system, train_name, train_number, train_type, id) 
    values
        (?, ?, ?, ?, ?, ?, ?, ?, ?)
Hibernate: 
    insert 
    into
        trains
        (created_at, destination_station, origin_station, priority_level, source_system, train_name, train_number, train_type, id) 
    values
        (?, ?, ?, ?, ?, ?, ?, ?, ?)
2026-09-07T01:17:46.078+05:30 DEBUG 13456 --- [block-optimizer] [           main] org.hibernate.SQL                        : 
    insert 
    into
        trains
        (created_at, destination_station, origin_station, priority_level, source_system, train_name, train_number, train_type, id) 
    values
        (?, ?, ?, ?, ?, ?, ?, ?, ?)
Hibernate: 
    insert 
    into
        trains
        (created_at, destination_station, origin_station, priority_level, source_system, train_name, train_number, train_type, id) 
    values
        (?, ?, ?, ?, ?, ?, ?, ?, ?)
2026-09-07T01:17:46.079+05:30 DEBUG 13456 --- [block-optimizer] [           main] org.hibernate.SQL                        : 
    insert 
    into
        trains
        (created_at, destination_station, origin_station, priority_level, source_system, train_name, train_number, train_type, id) 
    values
        (?, ?, ?, ?, ?, ?, ?, ?, ?)
Hibernate: 
    insert 
    into
        trains
        (created_at, destination_station, origin_station, priority_level, source_system, train_name, train_number, train_type, id) 
    values
        (?, ?, ?, ?, ?, ?, ?, ?, ?)
2026-09-07T01:17:46.080+05:30 DEBUG 13456 --- [block-optimizer] [           main] org.hibernate.SQL                        : 
    insert 
    into
        train_schedules
        (arrival_time, corridor_id, created_at, day_of_week, departure_time, end_km, frequency_pattern, start_km, train_id, id) 
    values
        (?, ?, ?, ?, ?, ?, ?, ?, ?, ?)
Hibernate: 
    insert 
    into
        train_schedules
        (arrival_time, corridor_id, created_at, day_of_week, departure_time, end_km, frequency_pattern, start_km, train_id, id) 
    values
        (?, ?, ?, ?, ?, ?, ?, ?, ?, ?)
2026-09-07T01:17:46.081+05:30 DEBUG 13456 --- [block-optimizer] [           main] org.hibernate.SQL                        : 
    insert 
    into
        train_schedules
        (arrival_time, corridor_id, created_at, day_of_week, departure_time, end_km, frequency_pattern, start_km, train_id, id) 
    values
        (?, ?, ?, ?, ?, ?, ?, ?, ?, ?)
Hibernate: 
    insert 
    into
        train_schedules
        (arrival_time, corridor_id, created_at, day_of_week, departure_time, end_km, frequency_pattern, start_km, train_id, id) 
    values
        (?, ?, ?, ?, ?, ?, ?, ?, ?, ?)
2026-09-07T01:17:46.082+05:30 DEBUG 13456 --- [block-optimizer] [           main] org.hibernate.SQL                        : 
    insert 
    into
        block_requests
        (asset_id, block_type, corridor_id, created_at, department_id, duration_minutes, end_km, end_time, maintenance_task_id, remarks, request_number, requested_by_user_id, start_km, start_time, status, updated_at, id) 
    values
        (?, ?, ?, ?, ?, ?, ?, ?, ?, ?, ?, ?, ?, ?, ?, ?, ?)
Hibernate: 
    insert 
    into
        block_requests
        (asset_id, block_type, corridor_id, created_at, department_id, duration_minutes, end_km, end_time, maintenance_task_id, remarks, request_number, requested_by_user_id, start_km, start_time, status, updated_at, id) 
    values
        (?, ?, ?, ?, ?, ?, ?, ?, ?, ?, ?, ?, ?, ?, ?, ?, ?)
2026-09-07T01:17:46.084+05:30 DEBUG 13456 --- [block-optimizer] [           main] org.hibernate.SQL                        : 
    insert 
    into
        block_requests
        (asset_id, block_type, corridor_id, created_at, department_id, duration_minutes, end_km, end_time, maintenance_task_id, remarks, request_number, requested_by_user_id, start_km, start_time, status, updated_at, id) 
    values
        (?, ?, ?, ?, ?, ?, ?, ?, ?, ?, ?, ?, ?, ?, ?, ?, ?)
Hibernate: 
    insert 
    into
        block_requests
        (asset_id, block_type, corridor_id, created_at, department_id, duration_minutes, end_km, end_time, maintenance_task_id, remarks, request_number, requested_by_user_id, start_km, start_time, status, updated_at, id) 
    values
        (?, ?, ?, ?, ?, ?, ?, ?, ?, ?, ?, ?, ?, ?, ?, ?, ?)
2026-09-07T01:17:46.095+05:30 DEBUG 13456 --- [block-optimizer] [           main] org.hibernate.SQL                        : 
    select
        ts1_0.id,
        ts1_0.arrival_time,
        ts1_0.corridor_id,
        ts1_0.created_at,
        ts1_0.day_of_week,
        ts1_0.departure_time,
        ts1_0.end_km,
        ts1_0.frequency_pattern,
        ts1_0.start_km,
        ts1_0.train_id 
    from
        train_schedules ts1_0 
    where
        ts1_0.corridor_id=? 
        and ts1_0.arrival_time<=? 
        and ts1_0.departure_time>=?
Hibernate: 
    select
        ts1_0.id,
        ts1_0.arrival_time,
        ts1_0.corridor_id,
        ts1_0.created_at,
        ts1_0.day_of_week,
        ts1_0.departure_time,
        ts1_0.end_km,
        ts1_0.frequency_pattern,
        ts1_0.start_km,
        ts1_0.train_id 
    from
        train_schedules ts1_0 
    where
        ts1_0.corridor_id=? 
        and ts1_0.arrival_time<=? 
        and ts1_0.departure_time>=?
2026-09-07T01:17:46.107+05:30 DEBUG 13456 --- [block-optimizer] [           main] org.hibernate.SQL                        : 
    select
        br1_0.id,
        br1_0.asset_id,
        br1_0.block_type,
        br1_0.corridor_id,
        br1_0.created_at,
        br1_0.department_id,
        br1_0.duration_minutes,
        br1_0.end_km,
        br1_0.end_time,
        br1_0.maintenance_task_id,
        br1_0.remarks,
        br1_0.request_number,
        br1_0.requested_by_user_id,
        br1_0.start_km,
        br1_0.start_time,
        br1_0.status,
        br1_0.updated_at 
    from
        block_requests br1_0 
    where
        br1_0.corridor_id=? 
        and br1_0.id<>? 
        and br1_0.start_time<=? 
        and br1_0.end_time>=?
Hibernate: 
    select
        br1_0.id,
        br1_0.asset_id,
        br1_0.block_type,
        br1_0.corridor_id,
        br1_0.created_at,
        br1_0.department_id,
        br1_0.duration_minutes,
        br1_0.end_km,
        br1_0.end_time,
        br1_0.maintenance_task_id,
        br1_0.remarks,
        br1_0.request_number,
        br1_0.requested_by_user_id,
        br1_0.start_km,
        br1_0.start_time,
        br1_0.status,
        br1_0.updated_at 
    from
        block_requests br1_0 
    where
        br1_0.corridor_id=? 
        and br1_0.id<>? 
        and br1_0.start_time<=? 
        and br1_0.end_time>=?
2026-09-07T01:17:46.115+05:30 DEBUG 13456 --- [block-optimizer] [           main] org.hibernate.SQL                        : 
    select
        ts1_0.id,
        ts1_0.arrival_time,
        ts1_0.corridor_id,
        ts1_0.created_at,
        ts1_0.day_of_week,
        ts1_0.departure_time,
        ts1_0.end_km,
        ts1_0.frequency_pattern,
        ts1_0.start_km,
        ts1_0.train_id 
    from
        train_schedules ts1_0 
    where
        ts1_0.corridor_id=? 
        and ts1_0.arrival_time<=? 
        and ts1_0.departure_time>=?
Hibernate: 
    select
        ts1_0.id,
        ts1_0.arrival_time,
        ts1_0.corridor_id,
        ts1_0.created_at,
        ts1_0.day_of_week,
        ts1_0.departure_time,
        ts1_0.end_km,
        ts1_0.frequency_pattern,
        ts1_0.start_km,
        ts1_0.train_id 
    from
        train_schedules ts1_0 
    where
        ts1_0.corridor_id=? 
        and ts1_0.arrival_time<=? 
        and ts1_0.departure_time>=?
2026-09-07T01:17:46.118+05:30 DEBUG 13456 --- [block-optimizer] [           main] org.hibernate.SQL                        : 
    insert 
    into
        conflicts
        (block_request_id, conflict_type, conflicting_block_request_id, conflicting_train_schedule_id, created_at, details, severity, status, id) 
    values
        (?, ?, ?, ?, ?, ?, ?, ?, ?)
Hibernate: 
    insert 
    into
        conflicts
        (block_request_id, conflict_type, conflicting_block_request_id, conflicting_train_schedule_id, created_at, details, severity, status, id) 
    values
        (?, ?, ?, ?, ?, ?, ?, ?, ?)
2026-09-07T01:17:46.125+05:30 DEBUG 13456 --- [block-optimizer] [           main] org.hibernate.SQL                        : 
    update
        block_requests 
    set
        asset_id=?,
        block_type=?,
        corridor_id=?,
        department_id=?,
        duration_minutes=?,
        end_km=?,
        end_time=?,
        maintenance_task_id=?,
        remarks=?,
        request_number=?,
        requested_by_user_id=?,
        start_km=?,
        start_time=?,
        status=?,
        updated_at=? 
    where
        id=?
Hibernate: 
    update
        block_requests 
    set
        asset_id=?,
        block_type=?,
        corridor_id=?,
        department_id=?,
        duration_minutes=?,
        end_km=?,
        end_time=?,
        maintenance_task_id=?,
        remarks=?,
        request_number=?,
        requested_by_user_id=?,
        start_km=?,
        start_time=?,
        status=?,
        updated_at=? 
    where
        id=?
2026-09-07T01:17:46.138+05:30 DEBUG 13456 --- [block-optimizer] [           main] org.hibernate.SQL                        : 
    select
        br1_0.id,
        br1_0.asset_id,
        br1_0.block_type,
        br1_0.corridor_id,
        br1_0.created_at,
        br1_0.department_id,
        br1_0.duration_minutes,
        br1_0.end_km,
        br1_0.end_time,
        br1_0.maintenance_task_id,
        br1_0.remarks,
        br1_0.request_number,
        br1_0.requested_by_user_id,
        br1_0.start_km,
        br1_0.start_time,
        br1_0.status,
        br1_0.updated_at 
    from
        block_requests br1_0 
    where
        br1_0.corridor_id=? 
        and br1_0.id<>? 
        and br1_0.start_time<=? 
        and br1_0.end_time>=?
Hibernate: 
    select
        br1_0.id,
        br1_0.asset_id,
        br1_0.block_type,
        br1_0.corridor_id,
        br1_0.created_at,
        br1_0.department_id,
        br1_0.duration_minutes,
        br1_0.end_km,
        br1_0.end_time,
        br1_0.maintenance_task_id,
        br1_0.remarks,
        br1_0.request_number,
        br1_0.requested_by_user_id,
        br1_0.start_km,
        br1_0.start_time,
        br1_0.status,
        br1_0.updated_at 
    from
        block_requests br1_0 
    where
        br1_0.corridor_id=? 
        and br1_0.id<>? 
        and br1_0.start_time<=? 
        and br1_0.end_time>=?
2026-09-07T01:17:46.142+05:30  INFO 13456 --- [block-optimizer] [           main] c.r.b.seeder.DataSeederRunner            : Synthetic sample railway data seeded successfully!
2026-09-07T01:17:46.146+05:30 DEBUG 13456 --- [block-optimizer] [           main] org.hibernate.SQL                        : 
    insert 
    into
        block_plans
        (approved_by_user_id, created_at, created_by_user_id, end_date, horizon_type, plan_name, start_date, status, updated_at, id) 
    values
        (?, ?, ?, ?, ?, ?, ?, ?, ?, ?)
Hibernate: 
    insert 
    into
        block_plans
        (approved_by_user_id, created_at, created_by_user_id, end_date, horizon_type, plan_name, start_date, status, updated_at, id) 
    values
        (?, ?, ?, ?, ?, ?, ?, ?, ?, ?)
]]></system-out>
    <system-err><![CDATA[WARNING: A Java agent has been loaded dynamically (C:\Users\Dell\.m2\repository\net\bytebuddy\byte-buddy-agent\1.14.19\byte-buddy-agent-1.14.19.jar)
WARNING: If a serviceability tool is in use, please run with -XX:+EnableDynamicAgentLoading to hide this warning
WARNING: If a serviceability tool is not in use, please run with -Djdk.instrument.traceUsage for more information
WARNING: Dynamic loading of agents will be disallowed by default in a future release
]]></system-err>
  </testcase>
</testsuite>